<?xml version="1.0" encoding="UTF-8"?>
<testng-results skipped="0" failed="0" ignored="0" total="1" passed="1">
  <reporter-output>
  </reporter-output>
  <suite name="Suite1" duration-ms="23939" started-at="2020-01-18T06:13:08Z" finished-at="2020-01-18T06:13:32Z">
    <groups>
    </groups>
    <test name="test1" duration-ms="23939" started-at="2020-01-18T06:13:08Z" finished-at="2020-01-18T06:13:32Z">
      <class name="com.ProjectOne.ProjectOne.OneTest">
        <test-method status="PASS" signature="Setup()[pri:0, instance:com.ProjectOne.ProjectOne.OneTest@73ad2d6]" name="Setup" is-config="true" duration-ms="13753" started-at="2020-01-18T06:13:08Z" finished-at="2020-01-18T06:13:22Z">
          <reporter-output>
          </reporter-output>
        </test-method> <!-- Setup -->
        <test-method status="PASS" signature="TestCase1()[pri:0, instance:com.ProjectOne.ProjectOne.OneTest@73ad2d6]" name="TestCase1" duration-ms="5612" started-at="2020-01-18T06:13:22Z" finished-at="2020-01-18T06:13:27Z">
          <reporter-output>
          </reporter-output>
        </test-method> <!-- TestCase1 -->
        <test-method status="PASS" signature="TearUp()[pri:0, instance:com.ProjectOne.ProjectOne.OneTest@73ad2d6]" name="TearUp" is-config="true" duration-ms="4535" started-at="2020-01-18T06:13:27Z" finished-at="2020-01-18T06:13:32Z">
          <reporter-output>
          </reporter-output>
        </test-method> <!-- TearUp -->
      </class> <!-- com.ProjectOne.ProjectOne.OneTest -->
    </test> <!-- test1 -->
  </suite> <!-- Suite1 -->
</testng-results>
